mode: set
movie/controllers/linktrailers/http.go:17.80,21.2 1 0
movie/controllers/linktrailers/http.go:23.69,26.41 3 0
movie/controllers/linktrailers/http.go:30.2,31.16 2 0
movie/controllers/linktrailers/http.go:34.2,34.61 1 0
movie/controllers/linktrailers/http.go:26.41,28.3 1 0
movie/controllers/linktrailers/http.go:31.16,33.3 1 0
movie/controllers/linktrailers/http.go:37.69,42.16 5 0
movie/controllers/linktrailers/http.go:45.2,46.16 2 0
movie/controllers/linktrailers/http.go:49.2,50.16 2 0
movie/controllers/linktrailers/http.go:53.2,53.57 1 0
movie/controllers/linktrailers/http.go:42.16,44.3 1 0
movie/controllers/linktrailers/http.go:46.16,48.3 1 0
movie/controllers/linktrailers/http.go:50.16,52.3 1 0
movie/controllers/linktrailers/http.go:56.69,61.16 5 0
movie/controllers/linktrailers/http.go:64.2,65.16 2 0
movie/controllers/linktrailers/http.go:68.2,69.16 2 0
movie/controllers/linktrailers/http.go:72.2,72.57 1 0
movie/controllers/linktrailers/http.go:61.16,63.3 1 0
movie/controllers/linktrailers/http.go:65.16,67.3 1 0
movie/controllers/linktrailers/http.go:69.16,71.3 1 0
movie/controllers/linktrailers/http.go:75.66,78.41 3 0
movie/controllers/linktrailers/http.go:82.2,83.16 2 0
movie/controllers/linktrailers/http.go:86.2,86.61 1 0
movie/controllers/linktrailers/http.go:78.41,80.3 1 0
movie/controllers/linktrailers/http.go:83.16,85.3 1 0
movie/controllers/users/response/json.go:14.44,23.2 1 0
movie/drivers/repository/users/mysql.go:14.54,18.2 1 0
movie/drivers/repository/users/mysql.go:20.107,23.25 3 0
movie/drivers/repository/users/mysql.go:26.2,26.31 1 0
movie/drivers/repository/users/mysql.go:23.25,25.3 1 0
movie/drivers/repository/users/mysql.go:29.107,33.16 4 0
movie/drivers/repository/users/mysql.go:36.2,36.12 1 0
movie/drivers/repository/users/mysql.go:33.16,35.3 1 0
movie/drivers/repository/users/mysql.go:39.113,42.16 3 0
movie/drivers/repository/users/mysql.go:45.2,45.31 1 0
movie/drivers/repository/users/mysql.go:42.16,44.3 1 0
movie/drivers/repository/users/mysql.go:48.102,51.16 3 0
movie/drivers/repository/users/mysql.go:54.2,54.31 1 0
movie/drivers/repository/users/mysql.go:51.16,53.3 1 0
movie/drivers/repository/users/mysql.go:57.107,61.16 4 0
movie/drivers/repository/users/mysql.go:64.2,64.12 1 0
movie/drivers/repository/users/mysql.go:61.16,63.3 1 0
movie/drivers/repository/users/record.go:19.46,30.2 1 0
movie/drivers/repository/users/record.go:32.58,43.2 1 0
movie/app/main.go:19.29,24.2 1 0
movie/app/main.go:26.13,56.2 13 0
movie/controllers/linktrailers/response/json.go:10.57,15.2 1 0
movie/businesses/linktrailers/usecase.go:15.50,19.2 1 0
movie/businesses/linktrailers/usecase.go:21.84,24.16 2 0
movie/businesses/linktrailers/usecase.go:30.2,30.27 1 0
movie/businesses/linktrailers/usecase.go:33.2,36.16 3 0
movie/businesses/linktrailers/usecase.go:39.2,39.28 1 0
movie/businesses/linktrailers/usecase.go:24.16,25.36 1 0
movie/businesses/linktrailers/usecase.go:25.36,27.4 1 0
movie/businesses/linktrailers/usecase.go:30.27,32.3 1 0
movie/businesses/linktrailers/usecase.go:36.16,38.3 1 0
movie/businesses/linktrailers/usecase.go:42.86,45.16 2 0
movie/businesses/linktrailers/usecase.go:49.2,51.16 3 0
movie/businesses/linktrailers/usecase.go:54.2,54.12 1 0
movie/businesses/linktrailers/usecase.go:45.16,47.3 1 0
movie/businesses/linktrailers/usecase.go:51.16,53.3 1 0
movie/businesses/linktrailers/usecase.go:57.86,60.16 2 0
movie/businesses/linktrailers/usecase.go:64.2,65.16 2 0
movie/businesses/linktrailers/usecase.go:68.2,68.12 1 0
movie/businesses/linktrailers/usecase.go:60.16,62.3 1 0
movie/businesses/linktrailers/usecase.go:65.16,67.3 1 0
movie/businesses/linktrailers/usecase.go:71.84,74.16 2 0
movie/businesses/linktrailers/usecase.go:80.2,80.27 1 0
movie/businesses/linktrailers/usecase.go:83.2,83.21 1 0
movie/businesses/linktrailers/usecase.go:74.16,75.36 1 0
movie/businesses/linktrailers/usecase.go:75.36,77.4 1 0
movie/businesses/linktrailers/usecase.go:80.27,82.3 1 0
movie/businesses/users/usecase.go:15.44,19.2 1 0
movie/businesses/users/usecase.go:21.85,24.16 2 0
movie/businesses/users/usecase.go:30.2,30.27 1 0
movie/businesses/users/usecase.go:33.2,36.16 3 0
movie/businesses/users/usecase.go:39.2,39.28 1 0
movie/businesses/users/usecase.go:24.16,25.36 1 0
movie/businesses/users/usecase.go:25.36,27.4 1 0
movie/businesses/users/usecase.go:30.27,32.3 1 0
movie/businesses/users/usecase.go:36.16,38.3 1 0
movie/businesses/users/usecase.go:42.86,45.16 2 0
movie/businesses/users/usecase.go:49.2,51.16 3 0
movie/businesses/users/usecase.go:54.2,54.12 1 0
movie/businesses/users/usecase.go:45.16,47.3 1 0
movie/businesses/users/usecase.go:51.16,53.3 1 0
movie/businesses/users/usecase.go:57.86,60.16 2 0
movie/businesses/users/usecase.go:64.2,65.16 2 0
movie/businesses/users/usecase.go:68.2,68.12 1 0
movie/businesses/users/usecase.go:60.16,62.3 1 0
movie/businesses/users/usecase.go:65.16,67.3 1 0
movie/businesses/users/usecase.go:71.89,74.16 2 0
movie/businesses/users/usecase.go:80.2,80.27 1 0
movie/businesses/users/usecase.go:83.2,83.21 1 0
movie/businesses/users/usecase.go:74.16,75.36 1 0
movie/businesses/users/usecase.go:75.36,77.4 1 0
movie/businesses/users/usecase.go:80.27,82.3 1 0
movie/controllers/users/request/json.go:14.48,23.2 1 0
movie/controllers/users/http.go:18.58,22.2 1 0
movie/controllers/users/http.go:24.60,27.41 3 0
movie/controllers/users/http.go:31.2,32.16 2 0
movie/controllers/users/http.go:35.2,35.61 1 0
movie/controllers/users/http.go:27.41,29.3 1 0
movie/controllers/users/http.go:32.16,34.3 1 0
movie/controllers/users/http.go:38.58,43.16 5 0
movie/controllers/users/http.go:47.2,48.16 2 0
movie/controllers/users/http.go:52.2,53.16 2 0
movie/controllers/users/http.go:56.2,56.57 1 0
movie/controllers/users/http.go:43.16,45.3 1 0
movie/controllers/users/http.go:48.16,50.3 1 0
movie/controllers/users/http.go:53.16,55.3 1 0
movie/controllers/users/http.go:59.58,64.16 5 0
movie/controllers/users/http.go:67.2,68.16 2 0
movie/controllers/users/http.go:71.2,72.16 2 0
movie/controllers/users/http.go:75.2,75.57 1 0
movie/controllers/users/http.go:64.16,66.3 1 0
movie/controllers/users/http.go:68.16,70.3 1 0
movie/controllers/users/http.go:72.16,74.3 1 0
movie/controllers/users/http.go:78.59,83.16 5 0
movie/controllers/users/http.go:87.2,89.19 3 0
movie/controllers/users/http.go:92.2,92.51 1 0
movie/controllers/users/http.go:83.16,85.3 1 0
movie/controllers/users/http.go:89.19,91.3 1 0
movie/app/routes/routes.go:15.63,27.2 10 0
movie/controllers/baseResponse.go:18.66,25.2 5 0
movie/controllers/baseResponse.go:27.68,34.2 5 0
movie/controllers/linktrailers/request/json.go:12.61,17.2 1 0
movie/drivers/mysql/driver.go:19.46,27.16 3 0
movie/drivers/mysql/driver.go:30.2,30.11 1 0
movie/drivers/mysql/driver.go:27.16,29.3 1 0
movie/drivers/repository/linktrailers/mysql.go:14.61,18.2 1 0
movie/drivers/repository/linktrailers/mysql.go:20.135,23.25 3 0
movie/drivers/repository/linktrailers/mysql.go:26.2,26.31 1 0
movie/drivers/repository/linktrailers/mysql.go:23.25,25.3 1 0
movie/drivers/repository/linktrailers/mysql.go:29.124,33.16 4 0
movie/drivers/repository/linktrailers/mysql.go:36.2,36.12 1 0
movie/drivers/repository/linktrailers/mysql.go:33.16,35.3 1 0
movie/drivers/repository/linktrailers/mysql.go:39.124,43.16 4 0
movie/drivers/repository/linktrailers/mysql.go:46.2,46.12 1 0
movie/drivers/repository/linktrailers/mysql.go:43.16,45.3 1 0
movie/drivers/repository/linktrailers/mysql.go:49.135,52.16 3 0
movie/drivers/repository/linktrailers/mysql.go:55.2,55.31 1 0
movie/drivers/repository/linktrailers/mysql.go:52.16,54.3 1 0
movie/drivers/repository/linktrailers/mysql.go:58.109,61.16 3 0
movie/drivers/repository/linktrailers/mysql.go:64.2,64.31 1 0
movie/drivers/repository/linktrailers/mysql.go:61.16,63.3 1 0
movie/drivers/repository/linktrailers/record.go:15.55,22.2 1 0
movie/drivers/repository/linktrailers/record.go:24.67,31.2 1 0
movie/helpers/encrypt/bcrypt.go:7.42,10.2 2 1
movie/helpers/encrypt/bcrypt.go:12.45,15.2 2 1
